c:\users\night\desktop\source\nullpointer\nullpointer\x64\release\vc143.pdb
c:\users\night\desktop\source\nullpointer\nullpointer\x64\release\utils.obj
c:\users\night\desktop\source\nullpointer\nullpointer\x64\release\nullpointer.obj
c:\users\night\desktop\source\nullpointer\nullpointer\x64\release\winapi.obj
c:\users\night\desktop\source\nullpointer\nullpointer\x64\release\memory.obj
c:\users\night\desktop\source\nullpointer\nullpointer\x64\release\driverfunctions.obj
c:\users\night\desktop\source\nullpointer\nullpointer\x64\release\math.obj
c:\users\night\desktop\source\nullpointer\nullpointer\x64\release\nuklearthemes.obj
c:\users\night\desktop\source\nullpointer\nullpointer\x64\release\warningpopup.obj
c:\users\night\desktop\source\nullpointer\nullpointer\x64\release\triggertab.obj
c:\users\night\desktop\source\nullpointer\nullpointer\x64\release\misctab.obj
c:\users\night\desktop\source\nullpointer\nullpointer\x64\release\glowtab.obj
c:\users\night\desktop\source\nullpointer\nullpointer\x64\release\esp.obj
c:\users\night\desktop\source\nullpointer\nullpointer\x64\release\aimtab.obj
c:\users\night\desktop\source\nullpointer\nullpointer\x64\release\overlay.obj
c:\users\night\desktop\source\nullpointer\nullpointer\x64\release\gui.obj
c:\users\night\desktop\source\nullpointer\nullpointer\x64\release\features.obj
c:\users\night\desktop\source\nullpointer\nullpointer\x64\release\dependencies.obj
c:\users\night\desktop\source\nullpointer\nullpointer\x64\release\triggerbot.obj
c:\users\night\desktop\source\nullpointer\nullpointer\x64\release\glow.obj
c:\users\night\desktop\source\nullpointer\nullpointer\x64\release\entity.obj
c:\users\night\desktop\source\nullpointer\nullpointer\x64\release\antiflash.obj
c:\users\night\desktop\source\nullpointer\nullpointer\x64\release\aimbot.obj
c:\users\night\desktop\source\nullpointer\x64\release\nullpointer.exe
c:\users\night\desktop\source\nullpointer\x64\release\nullpointer.pdb
c:\users\night\desktop\source\nullpointer\nullpointer\x64\release\nullpointer.ipdb
c:\users\night\desktop\source\nullpointer\nullpointer\x64\release\nullpointer.iobj
c:\users\night\desktop\source\nullpointer\nullpointer\x64\release\nullpointer.tlog\cl.command.1.tlog
c:\users\night\desktop\source\nullpointer\nullpointer\x64\release\nullpointer.tlog\cl.items.tlog
c:\users\night\desktop\source\nullpointer\nullpointer\x64\release\nullpointer.tlog\cl.read.1.tlog
c:\users\night\desktop\source\nullpointer\nullpointer\x64\release\nullpointer.tlog\cl.write.1.tlog
c:\users\night\desktop\source\nullpointer\nullpointer\x64\release\nullpointer.tlog\link.command.1.tlog
c:\users\night\desktop\source\nullpointer\nullpointer\x64\release\nullpointer.tlog\link.read.1.tlog
c:\users\night\desktop\source\nullpointer\nullpointer\x64\release\nullpointer.tlog\link.secondary.1.tlog
c:\users\night\desktop\source\nullpointer\nullpointer\x64\release\nullpointer.tlog\link.write.1.tlog
