  dependencies.h
  Features.c
  GUI.c
C:\Users\Night\Desktop\Source\Nullpointer\Features\Features.c(192,70): warning C4244: 'initializing': conversion from 'int' to 'float', possible loss of data
C:\Users\Night\Desktop\Source\Nullpointer\Features\Features.c(192,89): warning C4244: 'initializing': conversion from 'int' to 'float', possible loss of data
C:\Users\Night\Desktop\Source\Nullpointer\GUI\GUI.c(23,82): warning C4047: '==': 'uintptr_t' differs in levels of indirection from 'void *'
C:\Users\Night\Desktop\Source\Nullpointer\GUI\GUI.c(72,102): warning C4244: 'function': conversion from 'float' to 'int', possible loss of data
C:\Users\Night\Desktop\Source\Nullpointer\GUI\GUI.c(72,126): warning C4244: 'function': conversion from 'float' to 'int', possible loss of data
C:\Users\Night\Desktop\Source\Nullpointer\GUI\GUI.c(26,56): warning C4244: 'initializing': conversion from 'float' to 'int', possible loss of data
C:\Users\Night\Desktop\Source\Nullpointer\GUI\GUI.c(26,89): warning C4244: 'initializing': conversion from 'float' to 'int', possible loss of data
C:\Users\Night\Desktop\Source\Nullpointer\GUI\GUI.c(26,134): warning C4244: 'initializing': conversion from 'float' to 'int', possible loss of data
C:\Users\Night\Desktop\Source\Nullpointer\GUI\GUI.c(26,109): warning C4244: 'initializing': conversion from 'float' to 'int', possible loss of data
C:\Users\Night\Desktop\Source\Nullpointer\GUI\GUI.c(33,26): warning C4244: 'initializing': conversion from 'float' to 'int', possible loss of data
C:\Users\Night\Desktop\Source\Nullpointer\GUI\GUI.c(35,18): warning C4244: 'initializing': conversion from 'float' to 'int', possible loss of data
C:\Users\Night\Desktop\Source\Nullpointer\GUI\GUI.c(160,47): warning C4133: 'function': incompatible types - from 'State *' to 'int *'
C:\Users\Night\Desktop\Source\Nullpointer\GUI\GUI.c(163,50): warning C4133: 'function': incompatible types - from 'State *' to 'int *'
C:\Users\Night\Desktop\Source\Nullpointer\GUI\GUI.c(163,63): warning C4133: 'function': incompatible types - from 'State *' to 'int *'
C:\Users\Night\Desktop\Source\Nullpointer\GUI\GUI.c(163,92): warning C4133: 'function': incompatible types - from 'GUIConfig *' to 'PConfig'
C:\Users\Night\Desktop\Source\Nullpointer\GUI\GUI.c(166,46): warning C4133: 'function': incompatible types - from 'State *' to 'int *'
C:\Users\Night\Desktop\Source\Nullpointer\GUI\GUI.c(166,61): warning C4133: 'function': incompatible types - from 'State *' to 'int *'
C:\Users\Night\Desktop\Source\Nullpointer\GUI\GUI.c(166,68): warning C4133: 'function': incompatible types - from 'State *' to 'int *'
C:\Users\Night\Desktop\Source\Nullpointer\GUI\GUI.c(166,74): warning C4133: 'function': incompatible types - from 'State *' to 'int *'
C:\Users\Night\Desktop\Source\Nullpointer\GUI\GUI.c(169,47): warning C4133: 'function': incompatible types - from 'State *' to 'int *'
C:\Users\Night\Desktop\Source\Nullpointer\GUI\GUI.c(169,59): warning C4133: 'function': incompatible types - from 'State *' to 'int *'
C:\Users\Night\Desktop\Source\Nullpointer\GUI\GUI.c(104,21): warning C4101: 'logo_img': unreferenced local variable
  Overlay.c
C:\Users\Night\Desktop\Source\Nullpointer\Libraries\include\nuklear.h(7665,14): warning C4244: '*=': conversion from 'const float' to 'nk_byte', possible loss of data
  (compiling source file 'GUI/OverlaySetup/Overlay.c')
  
C:\Users\Night\Desktop\Source\Nullpointer\Libraries\include\nuklear.h(7666,14): warning C4244: '*=': conversion from 'const float' to 'nk_byte', possible loss of data
  (compiling source file 'GUI/OverlaySetup/Overlay.c')
  
C:\Users\Night\Desktop\Source\Nullpointer\Libraries\include\nuklear.h(7667,14): warning C4244: '*=': conversion from 'const float' to 'nk_byte', possible loss of data
  (compiling source file 'GUI/OverlaySetup/Overlay.c')
  
C:\Users\Night\Desktop\Source\Nullpointer\Libraries\include\nuklear_sdl_renderer.h(143,37): warning C4244: '=': conversion from 'const float' to 'int', possible loss of data
  (compiling source file 'GUI/OverlaySetup/Overlay.c')
  
C:\Users\Night\Desktop\Source\Nullpointer\Libraries\include\nuklear_sdl_renderer.h(144,37): warning C4244: '=': conversion from 'const float' to 'int', possible loss of data
  (compiling source file 'GUI/OverlaySetup/Overlay.c')
  
C:\Users\Night\Desktop\Source\Nullpointer\Libraries\include\nuklear_sdl_renderer.h(145,37): warning C4244: '=': conversion from 'const float' to 'int', possible loss of data
  (compiling source file 'GUI/OverlaySetup/Overlay.c')
  
C:\Users\Night\Desktop\Source\Nullpointer\Libraries\include\nuklear_sdl_renderer.h(146,37): warning C4244: '=': conversion from 'const float' to 'int', possible loss of data
  (compiling source file 'GUI/OverlaySetup/Overlay.c')
  
C:\Users\Night\Desktop\Source\Nullpointer\Libraries\include\nuklear_sdl_renderer.h(174,38): warning C4244: 'function': conversion from 'nk_size' to 'int', possible loss of data
  (compiling source file 'GUI/OverlaySetup/Overlay.c')
  
  ESP.c
C:\Users\Night\Desktop\Source\Nullpointer\GUI\Tabs\ESP\ESP.c(20,31): warning C4133: 'function': incompatible types - from 'PConfig' to 'PGUIConfig'
C:\Users\Night\Desktop\Source\Nullpointer\GUI\Tabs\ESP\ESP.c(123,53): warning C4133: 'function': incompatible types - from 'PGUIConfig' to 'PConfig'
  GlowTab.c
  MiscTab.c
  TriggerTab.c
  WarningPopup.c
  NuklearThemes.c
  Math.c
C:\Users\Night\Desktop\Source\Nullpointer\Math\Math.c(28,3): warning C4013: 'printf' undefined; assuming extern returning int
C:\Users\Night\Desktop\Source\Nullpointer\Math\Math.c(32,9): warning C4244: 'return': conversion from 'double' to 'float', possible loss of data
C:\Users\Night\Desktop\Source\Nullpointer\Math\Math.c(47,9): warning C4244: 'return': conversion from 'double' to 'float', possible loss of data
  memory.c
C:\Users\Night\Desktop\Source\Nullpointer\Memory\memory.c(122,20): warning C4312: 'type cast': conversion from 'const DWORD' to 'HANDLE' of greater size
C:\Users\Night\Desktop\Source\Nullpointer\Memory\memory.c(129,43): warning C4047: 'function': 'DWORD' differs in levels of indirection from 'void *'
C:\Users\Night\Desktop\Source\Nullpointer\Memory\memory.c(129,43): warning C4024: 'DeviceIoControl': different types for formal and actual parameter 4
C:\Users\Night\Desktop\Source\Nullpointer\Memory\memory.c(129,55): warning C4047: 'function': 'DWORD' differs in levels of indirection from 'void *'
C:\Users\Night\Desktop\Source\Nullpointer\Memory\memory.c(129,55): warning C4024: 'DeviceIoControl': different types for formal and actual parameter 6
C:\Users\Night\Desktop\Source\Nullpointer\Memory\memory.c(166,9): warning C4477: 'printf' : format string '%p' requires an argument of type 'void *', but variadic argument 1 has type 'uintptr_t'
C:\Users\Night\Desktop\Source\Nullpointer\Memory\memory.c(175,15): warning C4090: '=': different 'const' qualifiers
C:\Users\Night\Desktop\Source\Nullpointer\Memory\memory.c(183,29): warning C4267: 'return': conversion from 'size_t' to 'int', possible loss of data
  NullPointer.c
C:\Users\Night\Desktop\Source\Nullpointer\NullPointer.c(19,5): warning C4026: function declared with formal parameter list
C:\Users\Night\Desktop\Source\Nullpointer\NullPointer.c(35,34): warning C4047: 'function': 'PEntity' differs in levels of indirection from 'Entity (*)[64]'
C:\Users\Night\Desktop\Source\Nullpointer\NullPointer.c(35,34): warning C4024: 'InitPointersFeatures': different types for formal and actual parameter 2
C:\Users\Night\Desktop\Source\Nullpointer\NullPointer.c(36,18): warning C4047: 'function': 'PEntity' differs in levels of indirection from 'Entity (*)[64]'
C:\Users\Night\Desktop\Source\Nullpointer\NullPointer.c(36,18): warning C4024: 'InitPointersGUI': different types for formal and actual parameter 1
  Generating Code...
  NullPointer.vcxproj -> C:\Users\Night\Desktop\Source\Nullpointer\x64\Debug\NullPointer.exe
